Slither.io/Temp/gradleOut/unityLibrary/GoogleMobileAdsPlugin.androidlib/build/intermediates/manifest_merge_blame_file/debug/manifest-merger-blame-debug-report.txt
1<?xml version="1.0" encoding="utf-8"?>
2<manifest xmlns:android="http://schemas.android.com/apk/res/android"
3    package="com.google.unity.ads"
4    android:versionCode="1"
5    android:versionName="1.0" >
6
7    <uses-sdk android:targetSdkVersion="19" />
7-->unityLibrary/GoogleMobileAdsPlugin.androidlib/AndroidManifest.xml
8
9    <application>
9-->unityLibrary/GoogleMobileAdsPlugin.androidlib/AndroidManifest.xml:3:3-7:17
10        <uses-library
10-->unityLibrary/GoogleMobileAdsPlugin.androidlib/AndroidManifest.xml:4:5-84
11            android:name="org.apache.http.legacy"
11-->unityLibrary/GoogleMobileAdsPlugin.androidlib/AndroidManifest.xml:4:44-81
12            android:required="false" />
12-->unityLibrary/GoogleMobileAdsPlugin.androidlib/AndroidManifest.xml:4:19-43
13
14        <meta-data
14-->unityLibrary/GoogleMobileAdsPlugin.androidlib/AndroidManifest.xml:5:5-130
15            android:name="com.google.android.gms.ads.APPLICATION_ID"
15-->unityLibrary/GoogleMobileAdsPlugin.androidlib/AndroidManifest.xml:5:16-72
16            android:value="ca-app-pub-2760356214805806~4460747358" />
16-->unityLibrary/GoogleMobileAdsPlugin.androidlib/AndroidManifest.xml:5:73-127
17        <meta-data
17-->unityLibrary/GoogleMobileAdsPlugin.androidlib/AndroidManifest.xml:6:5-108
18            android:name="com.google.android.gms.ads.DELAY_APP_MEASUREMENT_INIT"
18-->unityLibrary/GoogleMobileAdsPlugin.androidlib/AndroidManifest.xml:6:16-84
19            android:value="true" />
19-->unityLibrary/GoogleMobileAdsPlugin.androidlib/AndroidManifest.xml:6:85-105
20    </application>
21
22</manifest>